[2024-05-10 12:11:14,686] multiqc                                            [DEBUG  ]  This is MultiQC v1.18
[2024-05-10 12:11:14,686] multiqc                                            [DEBUG  ]  Command used: /home/bioinformatics-pc55/miniconda3/bin/multiqc . -o multiqc_reports
[2024-05-10 12:11:34,705] multiqc                                            [DEBUG  ]  Could not connect to multiqc.info for version check: <urlopen error timed out>
[2024-05-10 12:11:34,706] multiqc                                            [DEBUG  ]  Working dir : /home/bioinformatics-pc55/projects/omics_website
[2024-05-10 12:11:34,706] multiqc                                            [DEBUG  ]  Template    : default
[2024-05-10 12:11:34,706] multiqc                                            [DEBUG  ]  Running Python 3.11.5 (main, Sep 11 2023, 13:54:46) [GCC 11.2.0]
[2024-05-10 12:11:34,707] multiqc                                            [DEBUG  ]  Analysing modules: custom_content, ccs, ngsderive, purple, conpair, lima, peddy, somalier, methylQA, mosdepth, phantompeakqualtools, qualimap, preseq, hifiasm, quast, qorts, rna_seqc, rockhopper, rsem, rseqc, busco, bustools, goleft_indexcov, gffcompare, disambiguate, supernova, deeptools, sargasso, verifybamid, mirtrace, happy, mirtop, sambamba, gopeaks, homer, hops, macs2, theta2, snpeff, gatk, htseq, bcftools, featureCounts, fgbio, dragen, dragen_fastqc, dedup, pbmarkdup, damageprofiler, mapdamage, biobambam2, jcvi, mtnucratio, picard, vep, bakta, prokka, qc3C, nanostat, samblaster, samtools, sexdeterrmine, seqera_cli, eigenstratdatabasetools, bamtools, jellyfish, vcftools, longranger, stacks, varscan2, snippy, umitools, truvari, bbmap, bismark, biscuit, diamond, hicexplorer, hicup, hicpro, salmon, kallisto, slamdunk, star, hisat2, tophat, bowtie2, bowtie1, cellranger, snpsplit, odgi, pangolin, nextclade, freyja, humid, kat, leehom, librarian, adapterRemoval, bbduk, clipandmerge, cutadapt, flexbar, sourmash, kaiju, bracken, kraken, malt, motus, trimmomatic, sickle, skewer, sortmerna, biobloomtools, fastq_screen, afterqc, fastp, fastqc, filtlong, prinseqplusplus, pychopper, porechop, pycoqc, minionqc, anglerfish, multivcfanalyzer, clusterflow, checkqc, bcl2fastq, bclconvert, interop, ivar, flash, seqyclean, optitype, whatshap, xenome, xengsort
[2024-05-10 12:11:34,707] multiqc                                            [DEBUG  ]  Using temporary directory for creating report: /tmp/tmpupfgcmzv
[2024-05-10 12:11:34,708] multiqc                                            [INFO   ]  Search path : /home/bioinformatics-pc55/projects/omics_website
[2024-05-10 12:11:36,188] multiqc                                            [DEBUG  ]  Summary of files that were skipped by the search: [skipped_module_specific_max_filesize: 4288] // [skipped_no_match: 1599] // [skipped_ignore_pattern: 4] // [skipped_directory_fn_ignore_dirs: 1]
[2024-05-10 12:11:36,333] multiqc.plots.bargraph                             [DEBUG  ]  Using matplotlib version 3.8.2
[2024-05-10 12:11:36,333] multiqc.plots.linegraph                            [DEBUG  ]  Using matplotlib version 3.8.2
[2024-05-10 12:11:36,333] multiqc                                            [DEBUG  ]  No samples found: custom_content
[2024-05-10 12:11:36,336] multiqc.modules.fastqc.fastqc                      [INFO   ]  Found 2 reports
[2024-05-10 12:11:36,348] multiqc.utils.software_versions                    [DEBUG  ]  Reading software versions from config.software_versions
[2024-05-10 12:11:36,350] multiqc                                            [DEBUG  ]  Compressing plot data
[2024-05-10 12:11:36,360] multiqc                                            [INFO   ]  Report      : multiqc_reports/multiqc_report.html
[2024-05-10 12:11:36,360] multiqc                                            [INFO   ]  Data        : multiqc_reports/multiqc_data
[2024-05-10 12:11:36,360] multiqc                                            [DEBUG  ]  Moving data file from '/tmp/tmpupfgcmzv/multiqc_data' to 'multiqc_reports/multiqc_data'
[2024-05-10 12:11:36,361] multiqc                                            [DEBUG  ]  Full report path: /home/bioinformatics-pc55/projects/omics_website/multiqc_reports/multiqc_report.html
[2024-05-10 12:11:36,392] multiqc                                            [INFO   ]  MultiQC complete
